SF:./lib/common/exception.dart
DA:6,4
LF:1
LH:1
end_of_record
SF:./lib/data/datasources/movie/movie_local_data_source.dart
DA:15,1
DA:19,1
DA:22,2
DA:25,2
DA:29,1
DA:32,2
DA:35,2
DA:39,1
DA:41,2
DA:43,1
DA:49,1
DA:51,2
DA:52,4
LF:13
LH:13
end_of_record
SF:./lib/data/models/movie/movie_table.dart
DA:11,8
DA:18,2
DA:19,1
DA:20,1
DA:21,1
DA:22,1
DA:25,2
DA:26,1
DA:27,1
DA:28,1
DA:29,1
DA:32,0
DA:33,0
DA:34,0
DA:35,0
DA:36,0
DA:39,2
DA:40,1
DA:41,1
DA:42,1
DA:43,1
DA:46,2
DA:47,10
LF:23
LH:18
end_of_record
SF:./lib/domain/entities/genre.dart
DA:4,18
DA:12,4
DA:13,12
LF:3
LH:3
end_of_record
SF:./lib/domain/entities/movie/movie.dart
DA:4,15
DA:20,7
DA:50,7
DA:51,7
DA:52,7
DA:53,7
DA:54,7
DA:55,7
DA:56,7
DA:57,7
DA:58,7
DA:59,7
DA:60,7
DA:61,7
DA:62,7
DA:63,7
DA:64,7
LF:17
LH:17
end_of_record
SF:./lib/domain/entities/movie/movie_detail.dart
DA:5,9
DA:33,2
DA:34,2
DA:35,2
DA:36,2
DA:37,2
DA:38,2
DA:39,2
DA:40,2
DA:41,2
DA:42,2
DA:43,2
DA:44,2
DA:45,2
LF:14
LH:14
end_of_record
SF:./lib/common/failure.dart
DA:6,18
DA:8,2
DA:9,4
DA:13,14
DA:17,4
DA:21,6
LF:6
LH:6
end_of_record
SF:./lib/data/datasources/db/database_helper.dart
DA:9,0
DA:13,0
DA:17,0
DA:18,0
DA:25,0
DA:26,0
DA:27,0
DA:29,0
DA:33,0
DA:34,0
DA:42,0
DA:52,0
DA:53,0
DA:54,0
DA:57,0
DA:58,0
DA:59,0
DA:62,0
DA:63,0
DA:64,0
DA:67,0
DA:71,0
DA:72,0
DA:73,0
DA:76,0
DA:80,0
DA:81,0
DA:82,0
DA:85,0
DA:88,0
DA:89,0
DA:95,0
DA:96,0
DA:97,0
DA:100,0
DA:103,0
DA:104,0
DA:110,0
DA:111,0
DA:113,0
DA:117,0
DA:118,0
DA:120,0
LF:43
LH:0
end_of_record
SF:./lib/data/datasources/movie/movie_remote_data_source.dart
DA:22,1
DA:24,1
DA:27,3
DA:29,2
DA:30,4
DA:32,1
DA:36,1
DA:39,4
DA:41,2
DA:42,3
DA:44,1
DA:48,1
DA:50,1
DA:51,3
DA:53,2
DA:54,4
DA:56,1
DA:60,1
DA:63,3
DA:65,2
DA:66,4
DA:68,1
DA:72,1
DA:75,3
DA:77,2
DA:78,4
DA:80,1
DA:84,1
DA:86,1
DA:87,3
DA:89,2
DA:90,4
DA:92,1
LF:33
LH:33
end_of_record
SF:./lib/data/datasources/tvseries/tvseries_local_data_source.dart
DA:15,1
DA:19,1
DA:21,2
DA:22,4
DA:25,1
DA:28,2
DA:31,2
DA:35,1
DA:38,2
DA:41,2
DA:45,1
DA:47,2
DA:49,1
LF:13
LH:13
end_of_record
SF:./lib/data/datasources/tvseries/tvseries_remote_data_source.dart
DA:22,1
DA:24,1
DA:27,3
DA:29,2
DA:30,4
DA:32,1
DA:36,1
DA:39,3
DA:41,2
DA:42,4
DA:44,1
DA:48,1
DA:51,3
DA:53,2
DA:54,4
DA:56,1
DA:60,1
DA:62,4
DA:64,2
DA:65,3
DA:67,1
DA:71,1
DA:73,1
DA:74,3
DA:76,2
DA:77,4
DA:79,1
DA:83,1
DA:85,1
DA:86,3
DA:88,2
DA:89,4
DA:91,1
LF:33
LH:33
end_of_record
SF:./lib/data/models/movie/movie_detail_model.dart
DA:6,2
DA:52,1
DA:53,1
DA:54,1
DA:55,1
DA:56,1
DA:57,1
DA:58,4
DA:59,1
DA:60,1
DA:61,1
DA:62,1
DA:63,1
DA:64,1
DA:65,2
DA:66,1
DA:67,1
DA:68,1
DA:69,1
DA:70,1
DA:71,1
DA:72,1
DA:73,1
DA:74,2
DA:75,1
DA:78,1
DA:79,1
DA:80,1
DA:81,1
DA:82,5
DA:83,1
DA:84,1
DA:85,1
DA:86,1
DA:87,1
DA:88,1
DA:89,1
DA:90,1
DA:91,1
DA:95,1
DA:96,1
DA:97,1
DA:98,1
DA:99,1
DA:100,1
DA:101,1
DA:102,1
DA:103,1
DA:104,1
DA:105,1
DA:106,1
DA:107,1
DA:108,1
DA:109,1
DA:110,1
DA:111,1
DA:112,1
DA:113,1
DA:114,1
DA:115,1
DA:116,1
DA:117,1
LF:62
LH:62
end_of_record
SF:./lib/data/models/movie/movie_model.dart
DA:5,5
DA:35,4
DA:36,2
DA:37,2
DA:38,8
DA:39,2
DA:40,2
DA:41,2
DA:42,4
DA:43,2
DA:44,2
DA:45,2
DA:46,2
DA:47,4
DA:48,2
DA:51,2
DA:52,1
DA:53,1
DA:54,4
DA:55,1
DA:56,1
DA:57,1
DA:58,1
DA:59,1
DA:60,1
DA:61,1
DA:62,1
DA:63,1
DA:64,1
DA:67,2
DA:68,2
DA:69,2
DA:70,2
DA:71,2
DA:72,2
DA:73,2
DA:74,2
DA:75,2
DA:76,2
DA:77,2
DA:78,2
DA:79,2
DA:80,2
DA:81,2
DA:85,2
DA:86,2
DA:87,2
DA:88,2
DA:89,2
DA:90,2
DA:91,2
DA:92,2
DA:93,2
DA:94,2
DA:95,2
DA:96,2
DA:97,2
DA:98,2
DA:99,2
LF:59
LH:59
end_of_record
SF:./lib/data/models/tvseries/tvseries_detail_model.dart
DA:31,2
DA:58,1
DA:59,1
DA:60,1
DA:61,4
DA:62,1
DA:63,1
DA:64,4
DA:65,1
DA:66,1
DA:67,1
DA:68,4
DA:69,1
DA:70,1
DA:71,1
DA:72,1
DA:73,4
DA:74,1
DA:75,1
DA:76,1
DA:77,1
DA:78,1
DA:79,1
DA:80,4
DA:81,1
DA:82,1
DA:83,1
DA:84,1
DA:85,1
DA:88,1
DA:89,1
DA:90,1
DA:91,1
DA:92,1
DA:93,5
DA:94,1
DA:95,1
DA:96,1
DA:97,1
DA:98,1
DA:99,1
DA:100,1
DA:101,1
DA:102,1
DA:103,1
DA:104,1
DA:105,1
DA:106,1
DA:107,1
DA:108,5
DA:109,1
DA:110,1
DA:111,1
DA:112,1
DA:113,1
DA:117,1
DA:118,1
DA:119,1
DA:120,1
DA:121,1
DA:122,1
DA:123,1
DA:124,1
DA:125,1
DA:126,1
DA:127,1
DA:128,1
DA:129,1
DA:130,1
DA:131,1
DA:132,1
DA:133,1
DA:134,1
DA:135,1
DA:136,1
DA:137,1
DA:138,1
DA:139,1
DA:140,1
DA:141,1
DA:142,1
DA:156,2
DA:167,2
DA:168,1
DA:169,1
DA:170,1
DA:171,1
DA:172,1
DA:173,1
DA:174,1
DA:175,2
DA:178,1
DA:179,1
DA:180,1
DA:181,1
DA:182,1
DA:183,1
DA:184,1
DA:185,1
DA:186,1
DA:187,1
DA:191,1
DA:192,1
DA:193,1
DA:194,1
DA:195,1
DA:196,1
DA:197,1
DA:198,1
DA:199,1
DA:200,1
LF:111
LH:111
end_of_record
SF:./lib/data/models/tvseries/tvseries_model.dart
DA:19,5
DA:35,4
DA:36,2
DA:37,2
DA:38,8
DA:39,2
DA:40,2
DA:41,8
DA:42,2
DA:43,2
DA:44,2
DA:45,2
DA:46,2
DA:47,4
DA:48,2
DA:51,2
DA:52,1
DA:53,1
DA:54,4
DA:55,1
DA:56,1
DA:57,1
DA:58,1
DA:59,1
DA:60,1
DA:61,1
DA:62,1
DA:63,1
DA:64,1
DA:67,2
DA:68,2
DA:69,2
DA:70,2
DA:71,2
DA:72,2
DA:73,2
DA:74,2
DA:75,2
DA:76,2
DA:77,2
DA:78,2
DA:79,2
DA:80,2
DA:81,2
DA:85,2
DA:86,2
DA:87,2
DA:88,2
DA:89,2
DA:90,2
DA:91,2
DA:92,2
DA:93,2
DA:94,2
DA:95,2
DA:96,2
DA:97,2
DA:98,2
DA:99,2
LF:59
LH:59
end_of_record
SF:./lib/data/models/tvseries/tvseries_table.dart
DA:11,8
DA:18,2
DA:19,1
DA:20,1
DA:21,1
DA:22,1
DA:25,2
DA:26,1
DA:27,1
DA:28,1
DA:29,1
DA:32,0
DA:33,0
DA:34,0
DA:35,0
DA:36,0
DA:39,2
DA:40,1
DA:41,1
DA:42,1
DA:43,1
DA:46,2
DA:47,10
LF:23
LH:18
end_of_record
SF:./lib/domain/entities/tvseries/tvseries.dart
DA:18,15
DA:34,7
DA:50,7
DA:51,7
DA:52,7
DA:53,7
DA:54,7
DA:55,7
DA:56,7
DA:57,7
DA:58,7
DA:59,7
DA:60,7
DA:61,7
DA:62,7
DA:63,7
DA:64,7
LF:17
LH:17
end_of_record
SF:./lib/domain/entities/tvseries/tvseries_detail.dart
DA:31,6
DA:58,2
DA:59,2
DA:60,2
DA:61,2
DA:62,2
DA:63,2
DA:64,2
DA:65,2
DA:66,2
DA:67,2
DA:68,2
DA:69,2
DA:70,2
DA:71,2
DA:72,2
DA:73,2
DA:74,2
DA:75,2
DA:76,2
DA:77,2
DA:78,2
DA:79,2
DA:80,2
DA:81,2
DA:82,2
DA:83,2
DA:97,9
DA:108,2
DA:109,2
DA:110,2
DA:111,2
DA:112,2
DA:113,2
DA:114,2
DA:115,2
DA:116,2
DA:117,2
LF:38
LH:38
end_of_record
SF:./lib/data/models/movie/movie_response.dart
DA:7,3
DA:9,4
DA:10,4
DA:11,6
DA:12,6
DA:15,2
DA:16,5
DA:19,1
DA:20,2
LF:9
LH:9
end_of_record
SF:./lib/data/models/tvseries/tvseries_response.dart
DA:6,3
DA:8,2
DA:9,2
DA:10,2
DA:11,2
DA:12,6
DA:13,6
DA:17,2
DA:18,5
DA:21,1
DA:22,2
LF:11
LH:11
end_of_record
SF:./lib/data/models/genre_model.dart
DA:5,4
DA:13,4
DA:14,2
DA:15,2
DA:18,2
DA:19,6
DA:22,2
DA:23,6
LF:8
LH:8
end_of_record
SF:./lib/data/repositories/movie_repository_impl.dart
DA:16,1
DA:21,1
DA:24,2
DA:25,5
DA:26,1
DA:28,1
DA:33,1
DA:36,2
DA:37,2
DA:38,1
DA:40,1
DA:45,1
DA:48,2
DA:49,3
DA:50,1
DA:52,1
DA:57,1
DA:60,2
DA:61,5
DA:62,1
DA:64,1
DA:69,1
DA:72,2
DA:73,5
DA:74,1
DA:76,1
DA:81,1
DA:84,2
DA:85,5
DA:86,1
DA:88,1
DA:93,1
DA:96,1
DA:97,2
DA:98,1
DA:99,1
DA:100,3
DA:106,1
DA:110,1
DA:111,2
DA:112,1
DA:113,1
DA:114,3
DA:118,1
DA:120,2
DA:124,1
DA:126,2
DA:127,5
LF:48
LH:48
end_of_record
SF:./lib/data/repositories/tvseries_repository_impl.dart
DA:16,1
DA:21,1
DA:24,2
DA:25,5
DA:26,1
DA:28,1
DA:33,1
DA:36,2
DA:37,5
DA:38,1
DA:40,1
DA:45,1
DA:48,2
DA:49,5
DA:50,1
DA:52,1
DA:57,1
DA:60,2
DA:61,2
DA:62,1
DA:64,1
DA:69,1
DA:71,2
DA:75,1
DA:79,1
DA:80,2
DA:81,1
DA:82,1
DA:83,3
DA:87,1
DA:91,1
DA:92,2
DA:93,1
DA:94,1
DA:95,3
DA:101,1
DA:103,2
DA:104,5
DA:107,1
DA:111,2
DA:112,3
DA:113,1
DA:115,1
DA:120,1
DA:123,2
DA:124,5
DA:125,1
DA:127,1
DA:132,0
DA:134,0
LF:50
LH:48
end_of_record
SF:./lib/domain/usecases/movie/get_top_rated_movies.dart
DA:9,1
DA:11,1
DA:12,2
LF:3
LH:3
end_of_record
SF:./lib/domain/usecases/movie/save_watchlist.dart
DA:9,1
DA:11,1
DA:12,2
LF:3
LH:3
end_of_record
SF:./lib/domain/usecases/movie/get_movie_detail.dart
DA:9,1
DA:11,1
DA:12,2
LF:3
LH:3
end_of_record
SF:./lib/domain/usecases/movie/get_movie_recommendations.dart
DA:9,1
DA:11,1
DA:12,2
LF:3
LH:3
end_of_record
SF:./lib/domain/usecases/movie/get_watchlist_movies.dart
DA:9,1
DA:11,1
DA:12,2
LF:3
LH:3
end_of_record
SF:./lib/domain/usecases/movie/get_now_playing_movies.dart
DA:9,1
DA:11,1
DA:12,2
LF:3
LH:3
end_of_record
SF:./lib/domain/usecases/movie/remove_watchlist.dart
DA:9,1
DA:11,1
DA:12,2
LF:3
LH:3
end_of_record
SF:./lib/domain/usecases/movie/get_popular_movies.dart
DA:9,1
DA:11,1
DA:12,2
LF:3
LH:3
end_of_record
SF:./lib/domain/usecases/movie/search_movies.dart
DA:9,1
DA:11,1
DA:12,2
LF:3
LH:3
end_of_record
SF:./lib/domain/usecases/movie/get_watchlist_status.dart
DA:6,1
DA:8,1
DA:9,2
LF:3
LH:3
end_of_record
SF:./lib/domain/usecases/tvseries/save_watchlist_tvseries.dart
DA:9,1
DA:11,1
DA:12,2
LF:3
LH:3
end_of_record
SF:./lib/domain/usecases/tvseries/get_tvseries_recommendation.dart
DA:9,1
DA:11,1
DA:12,2
LF:3
LH:3
end_of_record
SF:./lib/domain/usecases/tvseries/search_tvseries.dart
DA:9,1
DA:11,1
DA:12,2
LF:3
LH:3
end_of_record
SF:./lib/domain/usecases/tvseries/get_watchlist_tvseries.dart
DA:9,1
DA:11,1
DA:12,2
LF:3
LH:3
end_of_record
SF:./lib/domain/usecases/tvseries/get_watchlist_tvseries_status.dart
DA:6,1
DA:8,1
DA:9,2
LF:3
LH:3
end_of_record
SF:./lib/domain/usecases/tvseries/get_top_rated_tvseries.dart
DA:8,1
DA:10,1
DA:11,2
LF:3
LH:3
end_of_record
SF:./lib/domain/usecases/tvseries/get_tvseries_detail.dart
DA:9,1
DA:11,1
DA:12,2
LF:3
LH:3
end_of_record
SF:./lib/domain/usecases/tvseries/get_popular_tvseries.dart
DA:8,1
DA:10,1
DA:11,2
LF:3
LH:3
end_of_record
SF:./lib/domain/usecases/tvseries/get_now_playing_tvseries.dart
DA:8,1
DA:10,1
DA:11,2
LF:3
LH:3
end_of_record
SF:./lib/domain/usecases/tvseries/remove_watchlist_tvseries.dart
DA:9,1
DA:11,1
DA:12,2
LF:3
LH:3
end_of_record
SF:./lib/presentation/bloc/movie/movie_detail_event.dart
DA:5,1
DA:10,1
LF:2
LH:2
end_of_record
SF:./lib/presentation/bloc/movie/movie_detail_state.dart
DA:5,2
DA:7,1
DA:8,1
DA:17,2
DA:19,1
DA:20,2
DA:25,2
DA:27,1
DA:28,2
LF:9
LH:9
end_of_record
SF:./lib/presentation/bloc/movie/movie_detail_bloc.dart
DA:12,3
DA:13,2
DA:14,2
DA:15,3
DA:16,1
DA:17,4
DA:18,3
LF:7
LH:7
end_of_record
SF:./lib/presentation/bloc/movie/popular_movie_state.dart
DA:5,2
DA:7,1
DA:8,1
DA:17,1
DA:19,1
DA:20,2
DA:25,2
DA:27,1
DA:28,2
LF:9
LH:9
end_of_record
SF:./lib/presentation/bloc/movie/popular_movie_bloc.dart
DA:12,3
DA:13,2
DA:14,2
DA:15,2
DA:16,1
DA:17,4
DA:18,3
LF:7
LH:7
end_of_record
SF:./lib/presentation/bloc/movie/popular_movie_event.dart
DA:5,1
LF:1
LH:1
end_of_record
SF:./lib/presentation/bloc/movie/movie_recommendation_state.dart
DA:5,2
DA:7,1
DA:8,1
DA:17,1
DA:19,1
DA:20,2
DA:25,2
DA:27,1
DA:28,2
LF:9
LH:9
end_of_record
SF:./lib/presentation/bloc/movie/movie_recommendation_event.dart
DA:5,1
DA:10,1
LF:2
LH:2
end_of_record
SF:./lib/presentation/bloc/movie/movie_recommendation_bloc.dart
DA:13,1
DA:14,2
DA:15,2
DA:16,2
DA:17,3
DA:18,1
DA:19,4
DA:20,3
LF:8
LH:8
end_of_record
SF:./lib/presentation/bloc/movie/now_playing_movie_event.dart
DA:5,1
LF:1
LH:1
end_of_record
SF:./lib/presentation/bloc/movie/now_playing_movie_state.dart
DA:5,2
DA:7,1
DA:8,1
DA:17,1
DA:19,1
DA:20,2
DA:25,2
DA:27,1
DA:28,2
LF:9
LH:9
end_of_record
SF:./lib/presentation/bloc/movie/now_playing_movie_bloc.dart
DA:13,1
DA:14,2
DA:15,2
DA:16,2
DA:17,2
DA:18,1
DA:19,4
DA:20,3
LF:8
LH:8
end_of_record
SF:./lib/presentation/bloc/movie/top_rated_movie_state.dart
DA:5,2
DA:7,1
DA:8,1
DA:17,1
DA:19,1
DA:20,2
DA:25,2
DA:27,1
DA:28,2
LF:9
LH:9
end_of_record
SF:./lib/presentation/bloc/movie/top_rated_movie_bloc.dart
DA:12,3
DA:13,2
DA:14,2
DA:15,2
DA:16,1
DA:17,4
DA:18,3
LF:7
LH:7
end_of_record
SF:./lib/presentation/bloc/movie/top_rated_movie_event.dart
DA:5,1
LF:1
LH:1
end_of_record
SF:./lib/presentation/bloc/movie/movie_watchlist_state.dart
DA:5,2
DA:7,1
DA:8,1
DA:15,2
DA:17,1
DA:18,2
DA:23,2
DA:25,1
DA:26,2
DA:31,2
DA:33,1
DA:34,2
DA:41,1
DA:43,1
DA:44,2
DA:49,2
DA:51,1
DA:52,2
LF:18
LH:18
end_of_record
SF:./lib/presentation/bloc/movie/movie_watchlist_event.dart
DA:5,1
DA:10,1
DA:15,1
DA:20,1
DA:24,1
LF:5
LH:5
end_of_record
SF:./lib/presentation/bloc/movie/movie_watchlist_bloc.dart
DA:20,1
DA:25,2
DA:26,2
DA:27,3
DA:28,1
DA:29,4
DA:30,3
DA:34,2
DA:35,3
DA:36,1
DA:37,4
DA:38,3
DA:42,2
DA:43,3
DA:44,2
DA:47,2
DA:48,2
DA:49,2
DA:50,1
DA:51,4
DA:52,3
LF:21
LH:21
end_of_record
SF:./lib/presentation/bloc/tvseries/tvseries_recommendation_state.dart
DA:5,2
DA:7,1
DA:8,1
DA:17,1
DA:19,1
DA:20,2
DA:25,2
DA:27,1
DA:28,2
LF:9
LH:9
end_of_record
SF:./lib/presentation/bloc/tvseries/tvseries_recommendation_bloc.dart
DA:13,1
DA:14,2
DA:15,2
DA:16,2
DA:17,3
DA:18,1
DA:19,4
DA:20,3
LF:8
LH:8
end_of_record
SF:./lib/presentation/bloc/tvseries/tvseries_recommendation_event.dart
DA:5,1
DA:10,1
LF:2
LH:2
end_of_record
SF:./lib/presentation/bloc/tvseries/tvseries_detail_bloc.dart
DA:14,3
DA:15,2
DA:16,2
DA:17,3
DA:18,1
DA:19,4
DA:20,3
LF:7
LH:7
end_of_record
SF:./lib/presentation/bloc/tvseries/tvseries_detail_state.dart
DA:5,2
DA:7,1
DA:8,1
DA:17,2
DA:19,1
DA:20,2
DA:26,2
DA:28,1
DA:29,2
LF:9
LH:9
end_of_record
SF:./lib/presentation/bloc/tvseries/tvseries_detail_event.dart
DA:5,1
DA:10,1
LF:2
LH:2
end_of_record
SF:./lib/presentation/bloc/tvseries/top_rated_tvseries_state.dart
DA:5,2
DA:7,1
DA:8,1
DA:17,2
DA:19,1
DA:20,2
DA:25,1
DA:27,1
DA:28,2
LF:9
LH:9
end_of_record
SF:./lib/presentation/bloc/tvseries/top_rated_tvseries_bloc.dart
DA:12,1
DA:13,2
DA:14,2
DA:15,2
DA:16,2
DA:17,1
DA:18,4
DA:19,3
LF:8
LH:8
end_of_record
SF:./lib/presentation/bloc/tvseries/top_rated_tvseries_event.dart
DA:5,1
LF:1
LH:1
end_of_record
SF:./lib/presentation/bloc/tvseries/now_playing_tvseries_state.dart
DA:5,2
DA:7,1
DA:8,1
DA:17,2
DA:19,1
DA:20,2
DA:25,1
DA:27,1
DA:28,2
LF:9
LH:9
end_of_record
SF:./lib/presentation/bloc/tvseries/now_playing_tvseries_event.dart
DA:5,1
LF:1
LH:1
end_of_record
SF:./lib/presentation/bloc/tvseries/now_playing_tvseries_bloc.dart
DA:13,1
DA:14,2
DA:15,2
DA:16,2
DA:17,2
DA:18,1
DA:19,4
DA:20,3
LF:8
LH:8
end_of_record
SF:./lib/presentation/bloc/tvseries/popular_tvseries_state.dart
DA:5,2
DA:7,1
DA:8,1
DA:17,2
DA:19,1
DA:20,2
DA:25,1
DA:27,1
DA:28,2
LF:9
LH:9
end_of_record
SF:./lib/presentation/bloc/tvseries/popular_tvseries_bloc.dart
DA:12,3
DA:13,2
DA:14,2
DA:15,2
DA:16,1
DA:17,4
DA:18,3
LF:7
LH:7
end_of_record
SF:./lib/presentation/bloc/tvseries/popular_tvseries_event.dart
DA:5,1
LF:1
LH:1
end_of_record
SF:./lib/presentation/bloc/tvseries/tvseries_watchlist_state.dart
DA:5,2
DA:7,1
DA:8,1
DA:15,2
DA:17,1
DA:18,2
DA:23,2
DA:25,1
DA:26,2
DA:31,2
DA:33,1
DA:34,2
DA:41,1
DA:43,1
DA:44,2
DA:49,2
DA:51,1
DA:52,2
LF:18
LH:18
end_of_record
SF:./lib/presentation/bloc/tvseries/tvseries_watchlist_event.dart
DA:5,1
DA:10,1
DA:15,1
DA:20,1
DA:24,1
LF:5
LH:5
end_of_record
SF:./lib/presentation/bloc/tvseries/tvseries_watchlist_bloc.dart
DA:20,1
DA:25,2
DA:26,2
DA:27,3
DA:28,1
DA:29,4
DA:30,3
DA:34,2
DA:35,3
DA:36,1
DA:37,4
DA:38,3
DA:42,2
DA:43,3
DA:44,2
DA:47,2
DA:48,2
DA:49,2
DA:50,1
DA:51,4
DA:52,3
LF:21
LH:21
end_of_record
